Arguments: 
  D:\Application\nodejs\node.exe C:\Users\Mr.Huang\AppData\Roaming\npm\node_modules\yarn\bin\yarn.js add flv.js

PATH: 
  D:\Application\Git\mingw64\bin;D:\Application\Git\usr\bin;C:\Users\Mr.Huang\bin;D:\Application\xShell;C:\Windows\system32;C:\Windows;C:\Windows\System32\Wbem;C:\Windows\System32\WindowsPowerShell\v1.0;C:\Windows\System32\OpenSSH;C:\Program Files (x86)\NVIDIA Corporation\PhysX\Common;D:\Application\TortoiseSVN\bin;C:\Program Files\Intel\WiFi\bin;C:\Program Files\Common Files\Intel\WirelessCommon;C:\Program Files\Git\cmd;C:\Users\Mr.Huang\.windows-build-tools\python27;D:\Application\nodejs\node_modules\npm\node_modules\npm-lifecycle\node-gyp-bin;C:\Users\Mr.Huang\AppData\Roaming\npm\node_modules\windows-build-tools\node_modules\.bin;C:\Users\Mr.Huang\AppData\Roaming\npm\node_modules\.bin;C:\Windows\system32;C:\Windows;C:\Windows\System32\Wbem;C:\Windows\System32\WindowsPowerShell\v1.0;C:\Windows\System32\OpenSSH;C:\Program Files\Intel\WiFi\bin;C:\Program Files\Common Files\Intel\WirelessCommon;C:\Program Files (x86)\NVIDIA Corporation\PhysX\Common;C:\Users\Mr.Huang\AppData\Local\Microsoft\WindowsApps;D:\Application\Git\usr\bin;D:\Application\nodejs;C:\Users\Mr.Huang\AppData\Roaming\npm;D:\Application\Microsoft VS Code\bin;C:\Users\Mr.Huang\AppData\Local\Programs\Microsoft VS Code\bin

Yarn version: 
  1.13.0

Node version: 
  10.15.3

Platform: 
  win32 x64

Trace: 
  Error: EPERM: operation not permitted, scandir 'D:\Project\player\node_modules\@types'

npm manifest: 
  {
    "name": "player",
    "version": "0.0.1",
    "description": "loader module for cdn",
    "main": "index.js",
    "keywords": [
      "loader",
      "react",
      "systemjs"
    ],
    "author": "easy-martin",
    "license": "MIT",
    "dependencies": {
      "@types/hls.js": "^0.12.4",
      "flv.js": "^1.5.0",
      "hls.js": "^0.12.4",
      "rollup": "^1.10.0",
      "rollup-plugin-commonjs": "^9.3.4",
      "rollup-plugin-node-resolve": "^4.2.3",
      "rollup-plugin-replace": "^2.2.0",
      "rollup-plugin-typescript": "^1.0.1",
      "tslib": "^1.9.3",
      "typescript": "^3.4.4"
    }
  }

yarn manifest: 
  No manifest

Lockfile: 
  # THIS IS AN AUTOGENERATED FILE. DO NOT EDIT THIS FILE DIRECTLY.
  # yarn lockfile v1
  
  
  "@types/estree@0.0.39":
    version "0.0.39"
    resolved "http://registry.npm.taobao.org/@types/estree/download/@types/estree-0.0.39.tgz#e177e699ee1b8c22d23174caaa7422644389509f"
    integrity sha1-4Xfmme4bjCLSMXTKqnQiZEOJUJ8=
  
  "@types/hls.js@^0.12.4":
    version "0.12.4"
    resolved "http://registry.npm.taobao.org/@types/hls.js/download/@types/hls.js-0.12.4.tgz#6f78acfe2ad6a71ca5df277984a7d2d2a1580a93"
    integrity sha1-b3is/irWpxyl3yd5hKfS0qFYCpM=
  
  "@types/node@*", "@types/node@^11.13.4":
    version "11.13.5"
    resolved "http://registry.npm.taobao.org/@types/node/download/@types/node-11.13.5.tgz#266564afa8a6a09dc778dfacc703ed3f09c80516"
    integrity sha1-JmVkr6imoJ3HeN+sxwPtPwnIBRY=
  
  "@types/resolve@0.0.8":
    version "0.0.8"
    resolved "http://registry.npm.taobao.org/@types/resolve/download/@types/resolve-0.0.8.tgz#f26074d238e02659e323ce1a13d041eee280e194"
    integrity sha1-8mB00jjgJlnjI84aE9BB7uKA4ZQ=
    dependencies:
      "@types/node" "*"
  
  acorn@^6.1.1:
    version "6.1.1"
    resolved "http://registry.npm.taobao.org/acorn/download/acorn-6.1.1.tgz#7d25ae05bb8ad1f9b699108e1094ecd7884adc1f"
    integrity sha1-fSWuBbuK0fm2mRCOEJTs14hK3B8=
  
  arr-diff@^4.0.0:
    version "4.0.0"
    resolved "http://registry.npm.taobao.org/arr-diff/download/arr-diff-4.0.0.tgz#d6461074febfec71e7e15235761a329a5dc7c520"
    integrity sha1-1kYQdP6/7HHn4VI1dhoyml3HxSA=
  
  arr-flatten@^1.1.0:
    version "1.1.0"
    resolved "http://registry.npm.taobao.org/arr-flatten/download/arr-flatten-1.1.0.tgz#36048bbff4e7b47e136644316c99669ea5ae91f1"
    integrity sha1-NgSLv/TntH4TZkQxbJlmnqWukfE=
  
  arr-union@^3.1.0:
    version "3.1.0"
    resolved "http://registry.npm.taobao.org/arr-union/download/arr-union-3.1.0.tgz#e39b09aea9def866a8f206e288af63919bae39c4"
    integrity sha1-45sJrqne+Gao8gbiiK9jkZuuOcQ=
  
  array-unique@^0.3.2:
    version "0.3.2"
    resolved "http://registry.npm.taobao.org/array-unique/download/array-unique-0.3.2.tgz#a894b75d4bc4f6cd679ef3244a9fd8f46ae2d428"
    integrity sha1-qJS3XUvE9s1nnvMkSp/Y9Gri1Cg=
  
  assign-symbols@^1.0.0:
    version "1.0.0"
    resolved "http://registry.npm.taobao.org/assign-symbols/download/assign-symbols-1.0.0.tgz#59667f41fadd4f20ccbc2bb96b8d4f7f78ec0367"
    integrity sha1-WWZ/QfrdTyDMvCu5a41Pf3jsA2c=
  
  atob@^2.1.1:
    version "2.1.2"
    resolved "http://registry.npm.taobao.org/atob/download/atob-2.1.2.tgz#6d9517eb9e030d2436666651e86bd9f6f13533c9"
    integrity sha1-bZUX654DDSQ2ZmZR6GvZ9vE1M8k=
  
  base@^0.11.1:
    version "0.11.2"
    resolved "http://registry.npm.taobao.org/base/download/base-0.11.2.tgz#7bde5ced145b6d551a90db87f83c558b4eb48a8f"
    integrity sha1-e95c7RRbbVUakNuH+DxVi060io8=
    dependencies:
      cache-base "^1.0.1"
      class-utils "^0.3.5"
      component-emitter "^1.2.1"
      define-property "^1.0.0"
      isobject "^3.0.1"
      mixin-deep "^1.2.0"
      pascalcase "^0.1.1"
  
  braces@^2.3.1:
    version "2.3.2"
    resolved "http://registry.npm.taobao.org/braces/download/braces-2.3.2.tgz#5979fd3f14cd531565e5fa2df1abfff1dfaee729"
    integrity sha1-WXn9PxTNUxVl5fot8av/8d+u5yk=
    dependencies:
      arr-flatten "^1.1.0"
      array-unique "^0.3.2"
      extend-shallow "^2.0.1"
      fill-range "^4.0.0"
      isobject "^3.0.1"
      repeat-element "^1.1.2"
      snapdragon "^0.8.1"
      snapdragon-node "^2.0.1"
      split-string "^3.0.2"
      to-regex "^3.0.1"
  
  builtin-modules@^3.1.0:
    version "3.1.0"
    resolved "http://registry.npm.taobao.org/builtin-modules/download/builtin-modules-3.1.0.tgz#aad97c15131eb76b65b50ef208e7584cd76a7484"
    integrity sha1-qtl8FRMet2tltQ7yCOdYTNdqdIQ=
  
  cache-base@^1.0.1:
    version "1.0.1"
    resolved "http://registry.npm.taobao.org/cache-base/download/cache-base-1.0.1.tgz#0a7f46416831c8b662ee36fe4e7c59d76f666ab2"
    integrity sha1-Cn9GQWgxyLZi7jb+TnxZ129marI=
    dependencies:
      collection-visit "^1.0.0"
      component-emitter "^1.2.1"
      get-value "^2.0.6"
      has-value "^1.0.0"
      isobject "^3.0.1"
      set-value "^2.0.0"
      to-object-path "^0.3.0"
      union-value "^1.0.0"
      unset-value "^1.0.0"
  
  class-utils@^0.3.5:
    version "0.3.6"
    resolved "http://registry.npm.taobao.org/class-utils/download/class-utils-0.3.6.tgz#f93369ae8b9a7ce02fd41faad0ca83033190c463"
    integrity sha1-+TNprouafOAv1B+q0MqDAzGQxGM=
    dependencies:
      arr-union "^3.1.0"
      define-property "^0.2.5"
      isobject "^3.0.0"
      static-extend "^0.1.1"
  
  collection-visit@^1.0.0:
    version "1.0.0"
    resolved "http://registry.npm.taobao.org/collection-visit/download/collection-visit-1.0.0.tgz#4bc0373c164bc3291b4d368c829cf1a80a59dca0"
    integrity sha1-S8A3PBZLwykbTTaMgpzxqApZ3KA=
    dependencies:
      map-visit "^1.0.0"
      object-visit "^1.0.0"
  
  component-emitter@^1.2.1:
    version "1.3.0"
    resolved "http://registry.npm.taobao.org/component-emitter/download/component-emitter-1.3.0.tgz#16e4070fba8ae29b679f2215853ee181ab2eabc0"
    integrity sha1-FuQHD7qK4ptnnyIVhT7hgasuq8A=
  
  copy-descriptor@^0.1.0:
    version "0.1.1"
    resolved "http://registry.npm.taobao.org/copy-descriptor/download/copy-descriptor-0.1.1.tgz#676f6eb3c39997c2ee1ac3a924fd6124748f578d"
    integrity sha1-Z29us8OZl8LuGsOpJP1hJHSPV40=
  
  debug@^2.2.0, debug@^2.3.3:
    version "2.6.9"
    resolved "http://registry.npm.taobao.org/debug/download/debug-2.6.9.tgz#5d128515df134ff327e90a4c93f4e077a536341f"
    integrity sha1-XRKFFd8TT/Mn6QpMk/Tgd6U2NB8=
    dependencies:
      ms "2.0.0"
  
  decode-uri-component@^0.2.0:
    version "0.2.0"
    resolved "http://registry.npm.taobao.org/decode-uri-component/download/decode-uri-component-0.2.0.tgz#eb3913333458775cb84cd1a1fae062106bb87545"
    integrity sha1-6zkTMzRYd1y4TNGh+uBiEGu4dUU=
  
  define-property@^0.2.5:
    version "0.2.5"
    resolved "http://registry.npm.taobao.org/define-property/download/define-property-0.2.5.tgz#c35b1ef918ec3c990f9a5bc57be04aacec5c8116"
    integrity sha1-w1se+RjsPJkPmlvFe+BKrOxcgRY=
    dependencies:
      is-descriptor "^0.1.0"
  
  define-property@^1.0.0:
    version "1.0.0"
    resolved "http://registry.npm.taobao.org/define-property/download/define-property-1.0.0.tgz#769ebaaf3f4a63aad3af9e8d304c9bbe79bfb0e6"
    integrity sha1-dp66rz9KY6rTr56NMEybvnm/sOY=
    dependencies:
      is-descriptor "^1.0.0"
  
  define-property@^2.0.2:
    version "2.0.2"
    resolved "http://registry.npm.taobao.org/define-property/download/define-property-2.0.2.tgz#d459689e8d654ba77e02a817f8710d702cb16e9d"
    integrity sha1-1Flono1lS6d+AqgX+HENcCyxbp0=
    dependencies:
      is-descriptor "^1.0.2"
      isobject "^3.0.1"
  
  es6-promise@^4.2.5:
    version "4.2.6"
    resolved "http://registry.npm.taobao.org/es6-promise/download/es6-promise-4.2.6.tgz#b685edd8258886365ea62b57d30de28fadcd974f"
    integrity sha1-toXt2CWIhjZepitX0w3ij63Nl08=
  
  estree-walker@^0.6.0:
    version "0.6.0"
    resolved "http://registry.npm.taobao.org/estree-walker/download/estree-walker-0.6.0.tgz#5d865327c44a618dde5699f763891ae31f257dae"
    integrity sha1-XYZTJ8RKYY3eVpn3Y4ka4x8lfa4=
  
  eventemitter3@3.1.0:
    version "3.1.0"
    resolved "http://registry.npm.taobao.org/eventemitter3/download/eventemitter3-3.1.0.tgz#090b4d6cdbd645ed10bf750d4b5407942d7ba163"
    integrity sha1-CQtNbNvWRe0Qv3UNS1QHlC17oWM=
  
  expand-brackets@^2.1.4:
    version "2.1.4"
    resolved "http://registry.npm.taobao.org/expand-brackets/download/expand-brackets-2.1.4.tgz#b77735e315ce30f6b6eff0f83b04151a22449622"
    integrity sha1-t3c14xXOMPa27/D4OwQVGiJEliI=
    dependencies:
      debug "^2.3.3"
      define-property "^0.2.5"
      extend-shallow "^2.0.1"
      posix-character-classes "^0.1.0"
      regex-not "^1.0.0"
      snapdragon "^0.8.1"
      to-regex "^3.0.1"
  
  extend-shallow@^2.0.1:
    version "2.0.1"
    resolved "http://registry.npm.taobao.org/extend-shallow/download/extend-shallow-2.0.1.tgz#51af7d614ad9a9f610ea1bafbb989d6b1c56890f"
    integrity sha1-Ua99YUrZqfYQ6huvu5idaxxWiQ8=
    dependencies:
      is-extendable "^0.1.0"
  
  extend-shallow@^3.0.0, extend-shallow@^3.0.2:
    version "3.0.2"
    resolved "http://registry.npm.taobao.org/extend-shallow/download/extend-shallow-3.0.2.tgz#26a71aaf073b39fb2127172746131c2704028db8"
    integrity sha1-Jqcarwc7OfshJxcnRhMcJwQCjbg=
    dependencies:
      assign-symbols "^1.0.0"
      is-extendable "^1.0.1"
  
  extglob@^2.0.4:
    version "2.0.4"
    resolved "http://registry.npm.taobao.org/extglob/download/extglob-2.0.4.tgz#ad00fe4dc612a9232e8718711dc5cb5ab0285543"
    integrity sha1-rQD+TcYSqSMuhxhxHcXLWrAoVUM=
    dependencies:
      array-unique "^0.3.2"
      define-property "^1.0.0"
      expand-brackets "^2.1.4"
      extend-shallow "^2.0.1"
      fragment-cache "^0.2.1"
      regex-not "^1.0.0"
      snapdragon "^0.8.1"
      to-regex "^3.0.1"
  
  fill-range@^4.0.0:
    version "4.0.0"
    resolved "http://registry.npm.taobao.org/fill-range/download/fill-range-4.0.0.tgz#d544811d428f98eb06a63dc402d2403c328c38f7"
    integrity sha1-1USBHUKPmOsGpj3EAtJAPDKMOPc=
    dependencies:
      extend-shallow "^2.0.1"
      is-number "^3.0.0"
      repeat-string "^1.6.1"
      to-regex-range "^2.1.0"
  
  flv.js@^1.5.0:
    version "1.5.0"
    resolved "http://registry.npm.taobao.org/flv.js/download/flv.js-1.5.0.tgz#fa59bed4391d70435cfa8740ac40ec0070ef98ae"
    integrity sha1-+lm+1DkdcENc+odArEDsAHDvmK4=
    dependencies:
      es6-promise "^4.2.5"
      webworkify "^1.5.0"
  
  for-in@^1.0.2:
    version "1.0.2"
    resolved "http://registry.npm.taobao.org/for-in/download/for-in-1.0.2.tgz#81068d295a8142ec0ac726c6e2200c30fb6d5e80"
    integrity sha1-gQaNKVqBQuwKxybG4iAMMPttXoA=
  
  fragment-cache@^0.2.1:
    version "0.2.1"
    resolved "http://registry.npm.taobao.org/fragment-cache/download/fragment-cache-0.2.1.tgz#4290fad27f13e89be7f33799c6bc5a0abfff0d19"
    integrity sha1-QpD60n8T6Jvn8zeZxrxaCr//DRk=
    dependencies:
      map-cache "^0.2.2"
  
  get-value@^2.0.3, get-value@^2.0.6:
    version "2.0.6"
    resolved "http://registry.npm.taobao.org/get-value/download/get-value-2.0.6.tgz#dc15ca1c672387ca76bd37ac0a395ba2042a2c28"
    integrity sha1-3BXKHGcjh8p2vTesCjlbogQqLCg=
  
  has-value@^0.3.1:
    version "0.3.1"
    resolved "http://registry.npm.taobao.org/has-value/download/has-value-0.3.1.tgz#7b1f58bada62ca827ec0a2078025654845995e1f"
    integrity sha1-ex9YutpiyoJ+wKIHgCVlSEWZXh8=
    dependencies:
      get-value "^2.0.3"
      has-values "^0.1.4"
      isobject "^2.0.0"
  
  has-value@^1.0.0:
    version "1.0.0"
    resolved "http://registry.npm.taobao.org/has-value/download/has-value-1.0.0.tgz#18b281da585b1c5c51def24c930ed29a0be6b177"
    integrity sha1-GLKB2lhbHFxR3vJMkw7SmgvmsXc=
    dependencies:
      get-value "^2.0.6"
      has-values "^1.0.0"
      isobject "^3.0.0"
  
  has-values@^0.1.4:
    version "0.1.4"
    resolved "http://registry.npm.taobao.org/has-values/download/has-values-0.1.4.tgz#6d61de95d91dfca9b9a02089ad384bff8f62b771"
    integrity sha1-bWHeldkd/Km5oCCJrThL/49it3E=
  
  has-values@^1.0.0:
    version "1.0.0"
    resolved "http://registry.npm.taobao.org/has-values/download/has-values-1.0.0.tgz#95b0b63fec2146619a6fe57fe75628d5a39efe4f"
    integrity sha1-lbC2P+whRmGab+V/51Yo1aOe/k8=
    dependencies:
      is-number "^3.0.0"
      kind-of "^4.0.0"
  
  hls.js@^0.12.4:
    version "0.12.4"
    resolved "http://registry.npm.taobao.org/hls.js/download/hls.js-0.12.4.tgz#c155b7b2825a11117c111b781973c0ffa759006b"
    integrity sha1-wVW3soJaERF8ERt4GXPA/6dZAGs=
    dependencies:
      eventemitter3 "3.1.0"
      url-toolkit "^2.1.6"
  
  is-accessor-descriptor@^0.1.6:
    version "0.1.6"
    resolved "http://registry.npm.taobao.org/is-accessor-descriptor/download/is-accessor-descriptor-0.1.6.tgz#a9e12cb3ae8d876727eeef3843f8a0897b5c98d6"
    integrity sha1-qeEss66Nh2cn7u84Q/igiXtcmNY=
    dependencies:
      kind-of "^3.0.2"
  
  is-accessor-descriptor@^1.0.0:
    version "1.0.0"
    resolved "http://registry.npm.taobao.org/is-accessor-descriptor/download/is-accessor-descriptor-1.0.0.tgz#169c2f6d3df1f992618072365c9b0ea1f6878656"
    integrity sha1-FpwvbT3x+ZJhgHI2XJsOofaHhlY=
    dependencies:
      kind-of "^6.0.0"
  
  is-buffer@^1.1.5:
    version "1.1.6"
    resolved "http://registry.npm.taobao.org/is-buffer/download/is-buffer-1.1.6.tgz#efaa2ea9daa0d7ab2ea13a97b2b8ad51fefbe8be"
    integrity sha1-76ouqdqg16suoTqXsritUf776L4=
  
  is-data-descriptor@^0.1.4:
    version "0.1.4"
    resolved "http://registry.npm.taobao.org/is-data-descriptor/download/is-data-descriptor-0.1.4.tgz#0b5ee648388e2c860282e793f1856fec3f301b56"
    integrity sha1-C17mSDiOLIYCgueT8YVv7D8wG1Y=
    dependencies:
      kind-of "^3.0.2"
  
  is-data-descriptor@^1.0.0:
    version "1.0.0"
    resolved "http://registry.npm.taobao.org/is-data-descriptor/download/is-data-descriptor-1.0.0.tgz#d84876321d0e7add03990406abbbbd36ba9268c7"
    integrity sha1-2Eh2Mh0Oet0DmQQGq7u9NrqSaMc=
    dependencies:
      kind-of "^6.0.0"
  
  is-descriptor@^0.1.0:
    version "0.1.6"
    resolved "http://registry.npm.taobao.org/is-descriptor/download/is-descriptor-0.1.6.tgz#366d8240dde487ca51823b1ab9f07a10a78251ca"
    integrity sha1-Nm2CQN3kh8pRgjsaufB6EKeCUco=
    dependencies:
      is-accessor-descriptor "^0.1.6"
      is-data-descriptor "^0.1.4"
      kind-of "^5.0.0"
  
  is-descriptor@^1.0.0, is-descriptor@^1.0.2:
    version "1.0.2"
    resolved "http://registry.npm.taobao.org/is-descriptor/download/is-descriptor-1.0.2.tgz#3b159746a66604b04f8c81524ba365c5f14d86ec"
    integrity sha1-OxWXRqZmBLBPjIFSS6NlxfFNhuw=
    dependencies:
      is-accessor-descriptor "^1.0.0"
      is-data-descriptor "^1.0.0"
      kind-of "^6.0.2"
  
  is-extendable@^0.1.0, is-extendable@^0.1.1:
    version "0.1.1"
    resolved "http://registry.npm.taobao.org/is-extendable/download/is-extendable-0.1.1.tgz#62b110e289a471418e3ec36a617d472e301dfc89"
    integrity sha1-YrEQ4omkcUGOPsNqYX1HLjAd/Ik=
  
  is-extendable@^1.0.1:
    version "1.0.1"
    resolved "http://registry.npm.taobao.org/is-extendable/download/is-extendable-1.0.1.tgz#a7470f9e426733d81bd81e1155264e3a3507cab4"
    integrity sha1-p0cPnkJnM9gb2B4RVSZOOjUHyrQ=
    dependencies:
      is-plain-object "^2.0.4"
  
  is-module@^1.0.0:
    version "1.0.0"
    resolved "http://registry.npm.taobao.org/is-module/download/is-module-1.0.0.tgz#3258fb69f78c14d5b815d664336b4cffb6441591"
    integrity sha1-Mlj7afeMFNW4FdZkM2tM/7ZEFZE=
  
  is-number@^3.0.0:
    version "3.0.0"
    resolved "http://registry.npm.taobao.org/is-number/download/is-number-3.0.0.tgz#24fd6201a4782cf50561c810276afc7d12d71195"
    integrity sha1-JP1iAaR4LPUFYcgQJ2r8fRLXEZU=
    dependencies:
      kind-of "^3.0.2"
  
  is-plain-object@^2.0.1, is-plain-object@^2.0.3, is-plain-object@^2.0.4:
    version "2.0.4"
    resolved "http://registry.npm.taobao.org/is-plain-object/download/is-plain-object-2.0.4.tgz?cache=0&other_urls=http%3A%2F%2Fregistry.npm.taobao.org%2Fis-plain-object%2Fdownload%2Fis-plain-object-2.0.4.tgz#2c163b3fafb1b606d9d17928f05c2a1c38e07677"
    integrity sha1-LBY7P6+xtgbZ0Xko8FwqHDjgdnc=
    dependencies:
      isobject "^3.0.1"
  
  is-windows@^1.0.2:
    version "1.0.2"
    resolved "http://registry.npm.taobao.org/is-windows/download/is-windows-1.0.2.tgz#d1850eb9791ecd18e6182ce12a30f396634bb19d"
    integrity sha1-0YUOuXkezRjmGCzhKjDzlmNLsZ0=
  
  isarray@1.0.0:
    version "1.0.0"
    resolved "http://registry.npm.taobao.org/isarray/download/isarray-1.0.0.tgz#bb935d48582cba168c06834957a54a3e07124f11"
    integrity sha1-u5NdSFgsuhaMBoNJV6VKPgcSTxE=
  
  isobject@^2.0.0:
    version "2.1.0"
    resolved "http://registry.npm.taobao.org/isobject/download/isobject-2.1.0.tgz#f065561096a3f1da2ef46272f815c840d87e0c89"
    integrity sha1-8GVWEJaj8dou9GJy+BXIQNh+DIk=
    dependencies:
      isarray "1.0.0"
  
  isobject@^3.0.0, isobject@^3.0.1:
    version "3.0.1"
    resolved "http://registry.npm.taobao.org/isobject/download/isobject-3.0.1.tgz#4e431e92b11a9731636aa1f9c8d1ccbcfdab78df"
    integrity sha1-TkMekrEalzFjaqH5yNHMvP2reN8=
  
  kind-of@^3.0.2, kind-of@^3.0.3, kind-of@^3.2.0:
    version "3.2.2"
    resolved "http://registry.npm.taobao.org/kind-of/download/kind-of-3.2.2.tgz#31ea21a734bab9bbb0f32466d893aea51e4a3c64"
    integrity sha1-MeohpzS6ubuw8yRm2JOupR5KPGQ=
    dependencies:
      is-buffer "^1.1.5"
  
  kind-of@^4.0.0:
    version "4.0.0"
    resolved "http://registry.npm.taobao.org/kind-of/download/kind-of-4.0.0.tgz#20813df3d712928b207378691a45066fae72dd57"
    integrity sha1-IIE989cSkosgc3hpGkUGb65y3Vc=
    dependencies:
      is-buffer "^1.1.5"
  
  kind-of@^5.0.0:
    version "5.1.0"
    resolved "http://registry.npm.taobao.org/kind-of/download/kind-of-5.1.0.tgz#729c91e2d857b7a419a1f9aa65685c4c33f5845d"
    integrity sha1-cpyR4thXt6QZofmqZWhcTDP1hF0=
  
  kind-of@^6.0.0, kind-of@^6.0.2:
    version "6.0.2"
    resolved "http://registry.npm.taobao.org/kind-of/download/kind-of-6.0.2.tgz#01146b36a6218e64e58f3a8d66de5d7fc6f6d051"
    integrity sha1-ARRrNqYhjmTljzqNZt5df8b20FE=
  
  magic-string@^0.25.2:
    version "0.25.2"
    resolved "http://registry.npm.taobao.org/magic-string/download/magic-string-0.25.2.tgz#139c3a729515ec55e96e69e82a11fe890a293ad9"
    integrity sha1-E5w6cpUV7FXpbmnoKhH+iQopOtk=
    dependencies:
      sourcemap-codec "^1.4.4"
  
  map-cache@^0.2.2:
    version "0.2.2"
    resolved "http://registry.npm.taobao.org/map-cache/download/map-cache-0.2.2.tgz#c32abd0bd6525d9b051645bb4f26ac5dc98a0dbf"
    integrity sha1-wyq9C9ZSXZsFFkW7TyasXcmKDb8=
  
  map-visit@^1.0.0:
    version "1.0.0"
    resolved "http://registry.npm.taobao.org/map-visit/download/map-visit-1.0.0.tgz#ecdca8f13144e660f1b5bd41f12f3479d98dfb8f"
    integrity sha1-7Nyo8TFE5mDxtb1B8S80edmN+48=
    dependencies:
      object-visit "^1.0.0"
  
  micromatch@^3.1.10:
    version "3.1.10"
    resolved "http://registry.npm.taobao.org/micromatch/download/micromatch-3.1.10.tgz#70859bc95c9840952f359a068a3fc49f9ecfac23"
    integrity sha1-cIWbyVyYQJUvNZoGij/En57PrCM=
    dependencies:
      arr-diff "^4.0.0"
      array-unique "^0.3.2"
      braces "^2.3.1"
      define-property "^2.0.2"
      extend-shallow "^3.0.2"
      extglob "^2.0.4"
      fragment-cache "^0.2.1"
      kind-of "^6.0.2"
      nanomatch "^1.2.9"
      object.pick "^1.3.0"
      regex-not "^1.0.0"
      snapdragon "^0.8.1"
      to-regex "^3.0.2"
  
  mixin-deep@^1.2.0:
    version "1.3.1"
    resolved "http://registry.npm.taobao.org/mixin-deep/download/mixin-deep-1.3.1.tgz#a49e7268dce1a0d9698e45326c5626df3543d0fe"
    integrity sha1-pJ5yaNzhoNlpjkUybFYm3zVD0P4=
    dependencies:
      for-in "^1.0.2"
      is-extendable "^1.0.1"
  
  ms@2.0.0:
    version "2.0.0"
    resolved "http://registry.npm.taobao.org/ms/download/ms-2.0.0.tgz#5608aeadfc00be6c2901df5f9861788de0d597c8"
    integrity sha1-VgiurfwAvmwpAd9fmGF4jeDVl8g=
  
  nanomatch@^1.2.9:
    version "1.2.13"
    resolved "http://registry.npm.taobao.org/nanomatch/download/nanomatch-1.2.13.tgz#b87a8aa4fc0de8fe6be88895b38983ff265bd119"
    integrity sha1-uHqKpPwN6P5r6IiVs4mD/yZb0Rk=
    dependencies:
      arr-diff "^4.0.0"
      array-unique "^0.3.2"
      define-property "^2.0.2"
      extend-shallow "^3.0.2"
      fragment-cache "^0.2.1"
      is-windows "^1.0.2"
      kind-of "^6.0.2"
      object.pick "^1.3.0"
      regex-not "^1.0.0"
      snapdragon "^0.8.1"
      to-regex "^3.0.1"
  
  object-copy@^0.1.0:
    version "0.1.0"
    resolved "http://registry.npm.taobao.org/object-copy/download/object-copy-0.1.0.tgz#7e7d858b781bd7c991a41ba975ed3812754e998c"
    integrity sha1-fn2Fi3gb18mRpBupde04EnVOmYw=
    dependencies:
      copy-descriptor "^0.1.0"
      define-property "^0.2.5"
      kind-of "^3.0.3"
  
  object-visit@^1.0.0:
    version "1.0.1"
    resolved "http://registry.npm.taobao.org/object-visit/download/object-visit-1.0.1.tgz#f79c4493af0c5377b59fe39d395e41042dd045bb"
    integrity sha1-95xEk68MU3e1n+OdOV5BBC3QRbs=
    dependencies:
      isobject "^3.0.0"
  
  object.pick@^1.3.0:
    version "1.3.0"
    resolved "http://registry.npm.taobao.org/object.pick/download/object.pick-1.3.0.tgz#87a10ac4c1694bd2e1cbf53591a66141fb5dd747"
    integrity sha1-h6EKxMFpS9Lhy/U1kaZhQftd10c=
    dependencies:
      isobject "^3.0.1"
  
  pascalcase@^0.1.1:
    version "0.1.1"
    resolved "http://registry.npm.taobao.org/pascalcase/download/pascalcase-0.1.1.tgz#b363e55e8006ca6fe21784d2db22bd15d7917f14"
    integrity sha1-s2PlXoAGym/iF4TS2yK9FdeRfxQ=
  
  path-parse@^1.0.6:
    version "1.0.6"
    resolved "http://registry.npm.taobao.org/path-parse/download/path-parse-1.0.6.tgz#d62dbb5679405d72c4737ec58600e9ddcf06d24c"
    integrity sha1-1i27VnlAXXLEc37FhgDp3c8G0kw=
  
  posix-character-classes@^0.1.0:
    version "0.1.1"
    resolved "http://registry.npm.taobao.org/posix-character-classes/download/posix-character-classes-0.1.1.tgz#01eac0fe3b5af71a2a6c02feabb8c1fef7e00eab"
    integrity sha1-AerA/jta9xoqbAL+q7jB/vfgDqs=
  
  regex-not@^1.0.0, regex-not@^1.0.2:
    version "1.0.2"
    resolved "http://registry.npm.taobao.org/regex-not/download/regex-not-1.0.2.tgz#1f4ece27e00b0b65e0247a6810e6a85d83a5752c"
    integrity sha1-H07OJ+ALC2XgJHpoEOaoXYOldSw=
    dependencies:
      extend-shallow "^3.0.2"
      safe-regex "^1.1.0"
  
  repeat-element@^1.1.2:
    version "1.1.3"
    resolved "http://registry.npm.taobao.org/repeat-element/download/repeat-element-1.1.3.tgz#782e0d825c0c5a3bb39731f84efee6b742e6b1ce"
    integrity sha1-eC4NglwMWjuzlzH4Tv7mt0Lmsc4=
  
  repeat-string@^1.6.1:
    version "1.6.1"
    resolved "http://registry.npm.taobao.org/repeat-string/download/repeat-string-1.6.1.tgz#8dcae470e1c88abc2d600fff4a776286da75e637"
    integrity sha1-jcrkcOHIirwtYA//Sndihtp15jc=
  
  resolve-url@^0.2.1:
    version "0.2.1"
    resolved "http://registry.npm.taobao.org/resolve-url/download/resolve-url-0.2.1.tgz#2c637fe77c893afd2a663fe21aa9080068e2052a"
    integrity sha1-LGN/53yJOv0qZj/iGqkIAGjiBSo=
  
  resolve@^1.10.0:
    version "1.10.0"
    resolved "http://registry.npm.taobao.org/resolve/download/resolve-1.10.0.tgz?cache=0&other_urls=http%3A%2F%2Fregistry.npm.taobao.org%2Fresolve%2Fdownload%2Fresolve-1.10.0.tgz#3bdaaeaf45cc07f375656dfd2e54ed0810b101ba"
    integrity sha1-O9qur0XMB/N1ZW39LlTtCBCxAbo=
    dependencies:
      path-parse "^1.0.6"
  
  ret@~0.1.10:
    version "0.1.15"
    resolved "http://registry.npm.taobao.org/ret/download/ret-0.1.15.tgz#b8a4825d5bdb1fc3f6f53c2bc33f81388681c7bc"
    integrity sha1-uKSCXVvbH8P29Twrwz+BOIaBx7w=
  
  rollup-plugin-commonjs@^9.3.4:
    version "9.3.4"
    resolved "http://registry.npm.taobao.org/rollup-plugin-commonjs/download/rollup-plugin-commonjs-9.3.4.tgz#2b3dddbbbded83d45c36ff101cdd29e924fd23bc"
    integrity sha1-Kz3du73tg9RcNv8QHN0p6ST9I7w=
    dependencies:
      estree-walker "^0.6.0"
      magic-string "^0.25.2"
      resolve "^1.10.0"
      rollup-pluginutils "^2.6.0"
  
  rollup-plugin-node-resolve@^4.2.3:
    version "4.2.3"
    resolved "http://registry.npm.taobao.org/rollup-plugin-node-resolve/download/rollup-plugin-node-resolve-4.2.3.tgz#638a373a54287d19fcc088fdd1c6fd8a58e4d90a"
    integrity sha1-Y4o3OlQofRn8wIj90cb9iljk2Qo=
    dependencies:
      "@types/resolve" "0.0.8"
      builtin-modules "^3.1.0"
      is-module "^1.0.0"
      resolve "^1.10.0"
  
  rollup-plugin-replace@^2.2.0:
    version "2.2.0"
    resolved "http://registry.npm.taobao.org/rollup-plugin-replace/download/rollup-plugin-replace-2.2.0.tgz#f41ae5372e11e7a217cde349c8b5d5fd115e70e3"
    integrity sha1-9BrlNy4R56IXzeNJyLXV/RFecOM=
    dependencies:
      magic-string "^0.25.2"
      rollup-pluginutils "^2.6.0"
  
  rollup-plugin-typescript@^1.0.1:
    version "1.0.1"
    resolved "http://registry.npm.taobao.org/rollup-plugin-typescript/download/rollup-plugin-typescript-1.0.1.tgz#86565033b714c3d1f3aba510aad3dc519f7091e9"
    integrity sha1-hlZQM7cUw9Hzq6UQqtPcUZ9wkek=
    dependencies:
      resolve "^1.10.0"
      rollup-pluginutils "^2.5.0"
  
  rollup-pluginutils@^2.5.0, rollup-pluginutils@^2.6.0:
    version "2.6.0"
    resolved "http://registry.npm.taobao.org/rollup-pluginutils/download/rollup-pluginutils-2.6.0.tgz#203706edd43dfafeaebc355d7351119402fc83ad"
    integrity sha1-IDcG7dQ9+v6uvDVdc1ERlAL8g60=
    dependencies:
      estree-walker "^0.6.0"
      micromatch "^3.1.10"
  
  rollup@^1.10.0:
    version "1.10.0"
    resolved "http://registry.npm.taobao.org/rollup/download/rollup-1.10.0.tgz#91d594aa4386c51ca0883ad4ef2050b469d3e8aa"
    integrity sha1-kdWUqkOGxRygiDrU7yBQtGnT6Ko=
    dependencies:
      "@types/estree" "0.0.39"
      "@types/node" "^11.13.4"
      acorn "^6.1.1"
  
  safe-regex@^1.1.0:
    version "1.1.0"
    resolved "http://registry.npm.taobao.org/safe-regex/download/safe-regex-1.1.0.tgz#40a3669f3b077d1e943d44629e157dd48023bf2e"
    integrity sha1-QKNmnzsHfR6UPURinhV91IAjvy4=
    dependencies:
      ret "~0.1.10"
  
  set-value@^0.4.3:
    version "0.4.3"
    resolved "http://registry.npm.taobao.org/set-value/download/set-value-0.4.3.tgz#7db08f9d3d22dc7f78e53af3c3bf4666ecdfccf1"
    integrity sha1-fbCPnT0i3H945Trzw79GZuzfzPE=
    dependencies:
      extend-shallow "^2.0.1"
      is-extendable "^0.1.1"
      is-plain-object "^2.0.1"
      to-object-path "^0.3.0"
  
  set-value@^2.0.0:
    version "2.0.0"
    resolved "http://registry.npm.taobao.org/set-value/download/set-value-2.0.0.tgz#71ae4a88f0feefbbf52d1ea604f3fb315ebb6274"
    integrity sha1-ca5KiPD+77v1LR6mBPP7MV67YnQ=
    dependencies:
      extend-shallow "^2.0.1"
      is-extendable "^0.1.1"
      is-plain-object "^2.0.3"
      split-string "^3.0.1"
  
  snapdragon-node@^2.0.1:
    version "2.1.1"
    resolved "http://registry.npm.taobao.org/snapdragon-node/download/snapdragon-node-2.1.1.tgz#6c175f86ff14bdb0724563e8f3c1b021a286853b"
    integrity sha1-bBdfhv8UvbByRWPo88GwIaKGhTs=
    dependencies:
      define-property "^1.0.0"
      isobject "^3.0.0"
      snapdragon-util "^3.0.1"
  
  snapdragon-util@^3.0.1:
    version "3.0.1"
    resolved "http://registry.npm.taobao.org/snapdragon-util/download/snapdragon-util-3.0.1.tgz#f956479486f2acd79700693f6f7b805e45ab56e2"
    integrity sha1-+VZHlIbyrNeXAGk/b3uAXkWrVuI=
    dependencies:
      kind-of "^3.2.0"
  
  snapdragon@^0.8.1:
    version "0.8.2"
    resolved "http://registry.npm.taobao.org/snapdragon/download/snapdragon-0.8.2.tgz#64922e7c565b0e14204ba1aa7d6964278d25182d"
    integrity sha1-ZJIufFZbDhQgS6GqfWlkJ40lGC0=
    dependencies:
      base "^0.11.1"
      debug "^2.2.0"
      define-property "^0.2.5"
      extend-shallow "^2.0.1"
      map-cache "^0.2.2"
      source-map "^0.5.6"
      source-map-resolve "^0.5.0"
      use "^3.1.0"
  
  source-map-resolve@^0.5.0:
    version "0.5.2"
    resolved "http://registry.npm.taobao.org/source-map-resolve/download/source-map-resolve-0.5.2.tgz#72e2cc34095543e43b2c62b2c4c10d4a9054f259"
    integrity sha1-cuLMNAlVQ+Q7LGKyxMENSpBU8lk=
    dependencies:
      atob "^2.1.1"
      decode-uri-component "^0.2.0"
      resolve-url "^0.2.1"
      source-map-url "^0.4.0"
      urix "^0.1.0"
  
  source-map-url@^0.4.0:
    version "0.4.0"
    resolved "http://registry.npm.taobao.org/source-map-url/download/source-map-url-0.4.0.tgz#3e935d7ddd73631b97659956d55128e87b5084a3"
    integrity sha1-PpNdfd1zYxuXZZlW1VEo6HtQhKM=
  
  source-map@^0.5.6:
    version "0.5.7"
    resolved "http://registry.npm.taobao.org/source-map/download/source-map-0.5.7.tgz#8a039d2d1021d22d1ea14c80d8ea468ba2ef3fcc"
    integrity sha1-igOdLRAh0i0eoUyA2OpGi6LvP8w=
  
  sourcemap-codec@^1.4.4:
    version "1.4.4"
    resolved "http://registry.npm.taobao.org/sourcemap-codec/download/sourcemap-codec-1.4.4.tgz#c63ea927c029dd6bd9a2b7fa03b3fec02ad56e9f"
    integrity sha1-xj6pJ8Ap3WvZorf6A7P+wCrVbp8=
  
  split-string@^3.0.1, split-string@^3.0.2:
    version "3.1.0"
    resolved "http://registry.npm.taobao.org/split-string/download/split-string-3.1.0.tgz#7cb09dda3a86585705c64b39a6466038682e8fe2"
    integrity sha1-fLCd2jqGWFcFxks5pkZgOGguj+I=
    dependencies:
      extend-shallow "^3.0.0"
  
  static-extend@^0.1.1:
    version "0.1.2"
    resolved "http://registry.npm.taobao.org/static-extend/download/static-extend-0.1.2.tgz#60809c39cbff55337226fd5e0b520f341f1fb5c6"
    integrity sha1-YICcOcv/VTNyJv1eC1IPNB8ftcY=
    dependencies:
      define-property "^0.2.5"
      object-copy "^0.1.0"
  
  to-object-path@^0.3.0:
    version "0.3.0"
    resolved "http://registry.npm.taobao.org/to-object-path/download/to-object-path-0.3.0.tgz#297588b7b0e7e0ac08e04e672f85c1f4999e17af"
    integrity sha1-KXWIt7Dn4KwI4E5nL4XB9JmeF68=
    dependencies:
      kind-of "^3.0.2"
  
  to-regex-range@^2.1.0:
    version "2.1.1"
    resolved "http://registry.npm.taobao.org/to-regex-range/download/to-regex-range-2.1.1.tgz#7c80c17b9dfebe599e27367e0d4dd5590141db38"
    integrity sha1-fIDBe53+vlmeJzZ+DU3VWQFB2zg=
    dependencies:
      is-number "^3.0.0"
      repeat-string "^1.6.1"
  
  to-regex@^3.0.1, to-regex@^3.0.2:
    version "3.0.2"
    resolved "http://registry.npm.taobao.org/to-regex/download/to-regex-3.0.2.tgz#13cfdd9b336552f30b51f33a8ae1b42a7a7599ce"
    integrity sha1-E8/dmzNlUvMLUfM6iuG0Knp1mc4=
    dependencies:
      define-property "^2.0.2"
      extend-shallow "^3.0.2"
      regex-not "^1.0.2"
      safe-regex "^1.1.0"
  
  tslib@^1.9.3:
    version "1.9.3"
    resolved "http://registry.npm.taobao.org/tslib/download/tslib-1.9.3.tgz#d7e4dd79245d85428c4d7e4822a79917954ca286"
    integrity sha1-1+TdeSRdhUKMTX5IIqeZF5VMooY=
  
  typescript@^3.4.4:
    version "3.4.4"
    resolved "http://registry.npm.taobao.org/typescript/download/typescript-3.4.4.tgz#aac4a08abecab8091a75f10842ffa0631818f785"
    integrity sha1-qsSgir7KuAkadfEIQv+gYxgY94U=
  
  union-value@^1.0.0:
    version "1.0.0"
    resolved "http://registry.npm.taobao.org/union-value/download/union-value-1.0.0.tgz#5c71c34cb5bad5dcebe3ea0cd08207ba5aa1aea4"
    integrity sha1-XHHDTLW61dzr4+oM0IIHulqhrqQ=
    dependencies:
      arr-union "^3.1.0"
      get-value "^2.0.6"
      is-extendable "^0.1.1"
      set-value "^0.4.3"
  
  unset-value@^1.0.0:
    version "1.0.0"
    resolved "http://registry.npm.taobao.org/unset-value/download/unset-value-1.0.0.tgz#8376873f7d2335179ffb1e6fc3a8ed0dfc8ab559"
    integrity sha1-g3aHP30jNRef+x5vw6jtDfyKtVk=
    dependencies:
      has-value "^0.3.1"
      isobject "^3.0.0"
  
  urix@^0.1.0:
    version "0.1.0"
    resolved "http://registry.npm.taobao.org/urix/download/urix-0.1.0.tgz#da937f7a62e21fec1fd18d49b35c2935067a6c72"
    integrity sha1-2pN/emLiH+wf0Y1Js1wpNQZ6bHI=
  
  url-toolkit@^2.1.6:
    version "2.1.6"
    resolved "http://registry.npm.taobao.org/url-toolkit/download/url-toolkit-2.1.6.tgz#6d03246499e519aad224c44044a4ae20544154f2"
    integrity sha1-bQMkZJnlGarSJMRARKSuIFRBVPI=
  
  use@^3.1.0:
    version "3.1.1"
    resolved "http://registry.npm.taobao.org/use/download/use-3.1.1.tgz#d50c8cac79a19fbc20f2911f56eb973f4e10070f"
    integrity sha1-1QyMrHmhn7wg8pEfVuuXP04QBw8=
  
  webworkify@^1.5.0:
    version "1.5.0"
    resolved "http://registry.npm.taobao.org/webworkify/download/webworkify-1.5.0.tgz#734ad87a774de6ebdd546e1d3e027da5b8f4a42c"
    integrity sha1-c0rYendN5uvdVG4dPgJ9pbj0pCw=
